<?xml version="1.0" encoding="UTF-8"?>
<testng-results skipped="0" failed="0" total="2" passed="2">
  <reporter-output>
  </reporter-output>
  <suite name="TestNGProject.TestClass" duration-ms="16" started-at="2017-09-10T07:09:16Z" finished-at="2017-09-10T07:09:16Z">
    <groups>
    </groups>
    <test name="Command line test" duration-ms="16" started-at="2017-09-10T07:09:16Z" finished-at="2017-09-10T07:09:16Z">
      <class name="TestNGProject.TestClass">
        <test-method status="PASS" signature="beforesuite()[pri:0, instance:TestNGProject.TestClass@1b40d5f0]" name="beforesuite" is-config="true" duration-ms="15" started-at="2017-09-10T00:09:16Z" finished-at="2017-09-10T00:09:16Z">
          <reporter-output>
          </reporter-output>
        </test-method> <!-- beforesuite -->
        <test-method status="PASS" signature="beforeclass()[pri:0, instance:TestNGProject.TestClass@1b40d5f0]" name="beforeclass" is-config="true" duration-ms="0" started-at="2017-09-10T00:09:16Z" finished-at="2017-09-10T00:09:16Z">
          <reporter-output>
          </reporter-output>
        </test-method> <!-- beforeclass -->
        <test-method status="PASS" signature="beforemethod()[pri:0, instance:TestNGProject.TestClass@1b40d5f0]" name="beforemethod" is-config="true" duration-ms="16" started-at="2017-09-10T00:09:16Z" finished-at="2017-09-10T00:09:16Z">
          <reporter-output>
          </reporter-output>
        </test-method> <!-- beforemethod -->
        <test-method status="PASS" signature="test1()[pri:0, instance:TestNGProject.TestClass@1b40d5f0]" name="test1" duration-ms="0" started-at="2017-09-10T00:09:16Z" finished-at="2017-09-10T00:09:16Z">
          <reporter-output>
          </reporter-output>
        </test-method> <!-- test1 -->
        <test-method status="PASS" signature="aftermethod()[pri:0, instance:TestNGProject.TestClass@1b40d5f0]" name="aftermethod" is-config="true" duration-ms="0" started-at="2017-09-10T00:09:16Z" finished-at="2017-09-10T00:09:16Z">
          <reporter-output>
          </reporter-output>
        </test-method> <!-- aftermethod -->
        <test-method status="PASS" signature="afterclass()[pri:0, instance:TestNGProject.TestClass@1b40d5f0]" name="afterclass" is-config="true" duration-ms="0" started-at="2017-09-10T00:09:16Z" finished-at="2017-09-10T00:09:16Z">
          <reporter-output>
          </reporter-output>
        </test-method> <!-- afterclass -->
        <test-method status="PASS" signature="test2()[pri:0, instance:TestNGProject.TestClass@1b40d5f0]" name="test2" duration-ms="0" started-at="2017-09-10T00:09:16Z" finished-at="2017-09-10T00:09:16Z">
          <reporter-output>
          </reporter-output>
        </test-method> <!-- test2 -->
        <test-method status="PASS" signature="aftermethod()[pri:0, instance:TestNGProject.TestClass@1b40d5f0]" name="aftermethod" is-config="true" duration-ms="0" started-at="2017-09-10T00:09:16Z" finished-at="2017-09-10T00:09:16Z">
          <reporter-output>
          </reporter-output>
        </test-method> <!-- aftermethod -->
        <test-method status="PASS" signature="beforemethod()[pri:0, instance:TestNGProject.TestClass@1b40d5f0]" name="beforemethod" is-config="true" duration-ms="0" started-at="2017-09-10T00:09:16Z" finished-at="2017-09-10T00:09:16Z">
          <reporter-output>
          </reporter-output>
        </test-method> <!-- beforemethod -->
        <test-method status="PASS" signature="aftersuite()[pri:0, instance:TestNGProject.TestClass@1b40d5f0]" name="aftersuite" is-config="true" duration-ms="0" started-at="2017-09-10T00:09:17Z" finished-at="2017-09-10T00:09:17Z">
          <reporter-output>
          </reporter-output>
        </test-method> <!-- aftersuite -->
      </class> <!-- TestNGProject.TestClass -->
    </test> <!-- Command line test -->
  </suite> <!-- TestNGProject.TestClass -->
</testng-results>
