<?xml version="1.0" encoding="UTF-8"?>
<testng-results skipped="0" failed="0" ignored="0" total="2" passed="2">
  <reporter-output>
  </reporter-output>
  <suite name="Default suite" duration-ms="127022" started-at="2017-09-10T07:10:29Z" finished-at="2017-09-10T07:12:36Z">
    <groups>
    </groups>
    <test name="Default test" duration-ms="127022" started-at="2017-09-10T07:10:29Z" finished-at="2017-09-10T07:12:36Z">
      <class name="TestNGProject.TestClass">
        <test-method status="PASS" signature="beforesuite()[pri:0, instance:TestNGProject.TestClass@3e2e18f2]" name="beforesuite" is-config="true" duration-ms="38129" started-at="2017-09-10T00:09:36Z" finished-at="2017-09-10T00:10:14Z">
          <reporter-output>
          </reporter-output>
        </test-method> <!-- beforesuite -->
        <test-method status="PASS" signature="beforeclass()[pri:0, instance:TestNGProject.TestClass@3e2e18f2]" name="beforeclass" is-config="true" duration-ms="11326" started-at="2017-09-10T00:10:29Z" finished-at="2017-09-10T00:10:41Z">
          <reporter-output>
          </reporter-output>
        </test-method> <!-- beforeclass -->
        <test-method status="PASS" signature="beforemethod()[pri:0, instance:TestNGProject.TestClass@3e2e18f2]" name="beforemethod" is-config="true" duration-ms="8456" started-at="2017-09-10T00:10:48Z" finished-at="2017-09-10T00:10:56Z">
          <reporter-output>
          </reporter-output>
        </test-method> <!-- beforemethod -->
        <test-method status="PASS" signature="test1()[pri:0, instance:TestNGProject.TestClass@3e2e18f2]" name="test1" duration-ms="15047" started-at="2017-09-10T00:11:03Z" finished-at="2017-09-10T00:11:18Z">
          <reporter-output>
          </reporter-output>
        </test-method> <!-- test1 -->
        <test-method status="PASS" signature="aftermethod()[pri:0, instance:TestNGProject.TestClass@3e2e18f2]" name="aftermethod" is-config="true" duration-ms="4323" started-at="2017-09-10T00:11:22Z" finished-at="2017-09-10T00:11:26Z">
          <reporter-output>
          </reporter-output>
        </test-method> <!-- aftermethod -->
        <test-method status="PASS" signature="beforemethod()[pri:0, instance:TestNGProject.TestClass@3e2e18f2]" name="beforemethod" is-config="true" duration-ms="4930" started-at="2017-09-10T00:11:48Z" finished-at="2017-09-10T00:11:53Z">
          <reporter-output>
          </reporter-output>
        </test-method> <!-- beforemethod -->
        <test-method status="PASS" signature="test2()[pri:0, instance:TestNGProject.TestClass@3e2e18f2]" name="test2" duration-ms="9907" started-at="2017-09-10T00:12:01Z" finished-at="2017-09-10T00:12:11Z">
          <reporter-output>
          </reporter-output>
        </test-method> <!-- test2 -->
        <test-method status="PASS" signature="aftermethod()[pri:0, instance:TestNGProject.TestClass@3e2e18f2]" name="aftermethod" is-config="true" duration-ms="3339" started-at="2017-09-10T00:12:14Z" finished-at="2017-09-10T00:12:17Z">
          <reporter-output>
          </reporter-output>
        </test-method> <!-- aftermethod -->
        <test-method status="PASS" signature="afterclass()[pri:0, instance:TestNGProject.TestClass@3e2e18f2]" name="afterclass" is-config="true" duration-ms="2519" started-at="2017-09-10T00:12:27Z" finished-at="2017-09-10T00:12:30Z">
          <reporter-output>
          </reporter-output>
        </test-method> <!-- afterclass -->
        <test-method status="PASS" signature="aftersuite()[pri:0, instance:TestNGProject.TestClass@3e2e18f2]" name="aftersuite" is-config="true" duration-ms="2352" started-at="2017-09-10T00:12:40Z" finished-at="2017-09-10T00:12:42Z">
          <reporter-output>
          </reporter-output>
        </test-method> <!-- aftersuite -->
      </class> <!-- TestNGProject.TestClass -->
    </test> <!-- Default test -->
  </suite> <!-- Default suite -->
</testng-results>
